D:\proyectos\Juegos2021\Juego2021\Juego.Core.Web\JuegoCoreWeb\dist\out-tsc\src\app\app-routing.module.js
D:\proyectos\Juegos2021\Juego2021\Juego.Core.Web\JuegoCoreWeb\dist\out-tsc\src\app\app-routing.module.js.map
D:\proyectos\Juegos2021\Juego2021\Juego.Core.Web\JuegoCoreWeb\dist\out-tsc\src\app\app.component.js
D:\proyectos\Juegos2021\Juego2021\Juego.Core.Web\JuegoCoreWeb\dist\out-tsc\src\app\app.component.js.map
D:\proyectos\Juegos2021\Juego2021\Juego.Core.Web\JuegoCoreWeb\dist\out-tsc\src\app\app.module.js
D:\proyectos\Juegos2021\Juego2021\Juego.Core.Web\JuegoCoreWeb\dist\out-tsc\src\app\app.module.js.map
D:\proyectos\Juegos2021\Juego2021\Juego.Core.Web\JuegoCoreWeb\dist\out-tsc\src\environments\environment.js
D:\proyectos\Juegos2021\Juego2021\Juego.Core.Web\JuegoCoreWeb\dist\out-tsc\src\environments\environment.js.map
D:\proyectos\Juegos2021\Juego2021\Juego.Core.Web\JuegoCoreWeb\dist\out-tsc\src\main.js
D:\proyectos\Juegos2021\Juego2021\Juego.Core.Web\JuegoCoreWeb\dist\out-tsc\src\main.js.map
D:\proyectos\Juegos2021\Juego2021\Juego.Core.Web\JuegoCoreWeb\dist\out-tsc\src\polyfills.js
D:\proyectos\Juegos2021\Juego2021\Juego.Core.Web\JuegoCoreWeb\dist\out-tsc\src\polyfills.js.map
D:\proyectos\Juegos2021\Juego2021\Juego.Core.Web\JuegoCoreWeb\dist\out-tsc\src\test.js
D:\proyectos\Juegos2021\Juego2021\Juego.Core.Web\JuegoCoreWeb\dist\out-tsc\src\test.js.map
D:\proyectos\Juegos2021\Juego2021\Juego.Core.Web\JuegoCoreWeb\dist\out-tsc\e2e\src\app.po.js
D:\proyectos\Juegos2021\Juego2021\Juego.Core.Web\JuegoCoreWeb\dist\out-tsc\e2e\src\app.po.js.map
D:\proyectos\Juegos2021\Juego2021\Juego.Core.Web\JuegoCoreWeb\dist\out-tsc\e2e\src\app.e2e-spec.js
D:\proyectos\Juegos2021\Juego2021\Juego.Core.Web\JuegoCoreWeb\dist\out-tsc\e2e\src\app.e2e-spec.js.map
D:\proyectos\Juegos2021\Juego2021\Juego.Core.Web\JuegoCoreWeb\dist\out-tsc\src\app\app.component.spec.js
D:\proyectos\Juegos2021\Juego2021\Juego.Core.Web\JuegoCoreWeb\dist\out-tsc\src\app\app.component.spec.js.map
D:\proyectos\Juegos2021\Juego2021\Juego.Core.Web\JuegoCoreWeb\dist\out-tsc\src\environments\environment.prod.js
D:\proyectos\Juegos2021\Juego2021\Juego.Core.Web\JuegoCoreWeb\dist\out-tsc\src\environments\environment.prod.js.map
